Started GET "/rails/info/routes" for ::1 at 2017-12-24 11:27:08 -0700
Started GET "/api/assignment_details" for 127.0.0.1 at 2017-12-24 11:27:08 -0700
Processing by Api::AssignmentDetailsController#show as HTML
Completed 200 OK in 523ms (Views: 1.1ms)


Processing by Rails::InfoController#routes as HTML
  Rendering /Users/danielactor/.rbenv/versions/2.3.1/lib/ruby/gems/2.3.0/gems/railties-5.1.2/lib/rails/templates/rails/info/routes.html.erb within layouts/application
  Rendered collection of /Users/danielactor/.rbenv/versions/2.3.1/lib/ruby/gems/2.3.0/gems/actionpack-5.1.2/lib/action_dispatch/middleware/templates/routes/_route.html.erb [13 times] (17.9ms)
  Rendered /Users/danielactor/.rbenv/versions/2.3.1/lib/ruby/gems/2.3.0/gems/actionpack-5.1.2/lib/action_dispatch/middleware/templates/routes/_table.html.erb (11.9ms)
  Rendered /Users/danielactor/.rbenv/versions/2.3.1/lib/ruby/gems/2.3.0/gems/railties-5.1.2/lib/rails/templates/rails/info/routes.html.erb within layouts/application (41.7ms)
Completed 200 OK in 69ms (Views: 60.7ms)


Started GET "/rails/info/routes" for ::1 at 2017-12-24 11:27:39 -0700
Processing by Rails::InfoController#routes as HTML
Started GET "/api/assignment_details" for 127.0.0.1 at 2017-12-24 11:27:39 -0700
Processing by Api::AssignmentDetailsController#show as HTML
  Rendering /Users/danielactor/.rbenv/versions/2.3.1/lib/ruby/gems/2.3.0/gems/railties-5.1.2/lib/rails/templates/rails/info/routes.html.erb within layouts/application
  Rendered collection of /Users/danielactor/.rbenv/versions/2.3.1/lib/ruby/gems/2.3.0/gems/actionpack-5.1.2/lib/action_dispatch/middleware/templates/routes/_route.html.erb [13 times] (34.6ms)
Completed 200 OK in 73ms (Views: 2.5ms)


  Rendered /Users/danielactor/.rbenv/versions/2.3.1/lib/ruby/gems/2.3.0/gems/actionpack-5.1.2/lib/action_dispatch/middleware/templates/routes/_table.html.erb (6.0ms)
  Rendered /Users/danielactor/.rbenv/versions/2.3.1/lib/ruby/gems/2.3.0/gems/railties-5.1.2/lib/rails/templates/rails/info/routes.html.erb within layouts/application (76.0ms)
Completed 200 OK in 147ms (Views: 124.3ms)


Started GET "/rails/info" for ::1 at 2017-12-24 11:28:18 -0700
Processing by Rails::InfoController#index as HTML
Redirected to http://localhost:3001/rails/info/routes
Completed 302 Found in 8ms


Started GET "/rails/info/routes" for ::1 at 2017-12-24 11:28:18 -0700
Processing by Rails::InfoController#routes as HTML
  Rendering /Users/danielactor/.rbenv/versions/2.3.1/lib/ruby/gems/2.3.0/gems/railties-5.1.2/lib/rails/templates/rails/info/routes.html.erb within layouts/application
  Rendered collection of /Users/danielactor/.rbenv/versions/2.3.1/lib/ruby/gems/2.3.0/gems/actionpack-5.1.2/lib/action_dispatch/middleware/templates/routes/_route.html.erb [13 times] (20.7ms)
  Rendered /Users/danielactor/.rbenv/versions/2.3.1/lib/ruby/gems/2.3.0/gems/actionpack-5.1.2/lib/action_dispatch/middleware/templates/routes/_table.html.erb (3.5ms)
  Rendered /Users/danielactor/.rbenv/versions/2.3.1/lib/ruby/gems/2.3.0/gems/railties-5.1.2/lib/rails/templates/rails/info/routes.html.erb within layouts/application (42.0ms)
Completed 200 OK in 104ms (Views: 89.6ms)


Started GET "/favicon.ico" for ::1 at 2017-12-24 11:28:19 -0700
Processing by StaticController#index as 
  Parameters: {"other"=>"favicon"}
Completed 500 Internal Server Error in 144ms


  
ActionView::MissingTemplate (Missing template Users/danielactor/Desktop/DPL/react-assessment/public/index.html with {:locale=>[:en], :formats=>[:html, :text, :js, :css, :ics, :csv, :vcf, :png, :jpeg, :gif, :bmp, :tiff, :svg, :mpeg, :xml, :rss, :atom, :yaml, :multipart_form, :url_encoded_form, :json, :pdf, :zip, :gzip], :variants=>[], :handlers=>[:raw, :erb, :html, :builder, :ruby]}. Searched in:
  * "/Users/danielactor/.rbenv/versions/2.3.1/lib/ruby/gems/2.3.0/gems/railties-5.1.2/lib/rails/templates"
  * "/Users/danielactor/Desktop/DPL/react-assessment"
  * "/"
):
  
app/controllers/static_controller.rb:5:in `index'
Started GET "/rails/info/routes" for ::1 at 2017-12-24 12:59:27 -0700
Started GET "/api/assignment_details" for 127.0.0.1 at 2017-12-24 12:59:27 -0700
Processing by Rails::InfoController#routes as HTML
  Rendering /Users/danielactor/.rbenv/versions/2.3.1/lib/ruby/gems/2.3.0/gems/railties-5.1.2/lib/rails/templates/rails/info/routes.html.erb within layouts/application
  Rendered collection of /Users/danielactor/.rbenv/versions/2.3.1/lib/ruby/gems/2.3.0/gems/actionpack-5.1.2/lib/action_dispatch/middleware/templates/routes/_route.html.erb [13 times] (8.8ms)
  Rendered /Users/danielactor/.rbenv/versions/2.3.1/lib/ruby/gems/2.3.0/gems/actionpack-5.1.2/lib/action_dispatch/middleware/templates/routes/_table.html.erb (2.1ms)
  Rendered /Users/danielactor/.rbenv/versions/2.3.1/lib/ruby/gems/2.3.0/gems/railties-5.1.2/lib/rails/templates/rails/info/routes.html.erb within layouts/application (406.3ms)
Completed 200 OK in 1324ms (Views: 1220.5ms)


Processing by Api::AssignmentDetailsController#show as HTML
Completed 500 Internal Server Error in 80ms


  
NoMethodError (undefined method `set_page' for #<Api::AssignmentDetailsController:0x007fe2f914b688>
Did you mean?  set_pages):
  
activesupport (5.1.2) lib/active_support/callbacks.rb:413:in `block in make_lambda'
activesupport (5.1.2) lib/active_support/callbacks.rb:197:in `block (2 levels) in halting'
actionpack (5.1.2) lib/abstract_controller/callbacks.rb:12:in `block (2 levels) in <module:Callbacks>'
activesupport (5.1.2) lib/active_support/callbacks.rb:198:in `block in halting'
activesupport (5.1.2) lib/active_support/callbacks.rb:507:in `block in invoke_before'
activesupport (5.1.2) lib/active_support/callbacks.rb:507:in `each'
activesupport (5.1.2) lib/active_support/callbacks.rb:507:in `invoke_before'
activesupport (5.1.2) lib/active_support/callbacks.rb:130:in `run_callbacks'
actionpack (5.1.2) lib/abstract_controller/callbacks.rb:19:in `process_action'
actionpack (5.1.2) lib/action_controller/metal/rescue.rb:20:in `process_action'
actionpack (5.1.2) lib/action_controller/metal/instrumentation.rb:32:in `block in process_action'
activesupport (5.1.2) lib/active_support/notifications.rb:166:in `block in instrument'
activesupport (5.1.2) lib/active_support/notifications/instrumenter.rb:21:in `instrument'
activesupport (5.1.2) lib/active_support/notifications.rb:166:in `instrument'
actionpack (5.1.2) lib/action_controller/metal/instrumentation.rb:30:in `process_action'
actionpack (5.1.2) lib/action_controller/metal/params_wrapper.rb:252:in `process_action'
activerecord (5.1.2) lib/active_record/railties/controller_runtime.rb:22:in `process_action'
actionpack (5.1.2) lib/abstract_controller/base.rb:124:in `process'
actionpack (5.1.2) lib/action_controller/metal.rb:189:in `dispatch'
actionpack (5.1.2) lib/action_controller/metal.rb:253:in `dispatch'
actionpack (5.1.2) lib/action_dispatch/routing/route_set.rb:49:in `dispatch'
actionpack (5.1.2) lib/action_dispatch/routing/route_set.rb:31:in `serve'
actionpack (5.1.2) lib/action_dispatch/journey/router.rb:46:in `block in serve'
actionpack (5.1.2) lib/action_dispatch/journey/router.rb:33:in `each'
actionpack (5.1.2) lib/action_dispatch/journey/router.rb:33:in `serve'
actionpack (5.1.2) lib/action_dispatch/routing/route_set.rb:832:in `call'
rack (2.0.3) lib/rack/etag.rb:25:in `call'
rack (2.0.3) lib/rack/conditional_get.rb:25:in `call'
rack (2.0.3) lib/rack/head.rb:12:in `call'
activerecord (5.1.2) lib/active_record/migration.rb:556:in `call'
actionpack (5.1.2) lib/action_dispatch/middleware/callbacks.rb:26:in `block in call'
activesupport (5.1.2) lib/active_support/callbacks.rb:97:in `run_callbacks'
actionpack (5.1.2) lib/action_dispatch/middleware/callbacks.rb:24:in `call'
actionpack (5.1.2) lib/action_dispatch/middleware/executor.rb:12:in `call'
actionpack (5.1.2) lib/action_dispatch/middleware/debug_exceptions.rb:59:in `call'
actionpack (5.1.2) lib/action_dispatch/middleware/show_exceptions.rb:31:in `call'
railties (5.1.2) lib/rails/rack/logger.rb:36:in `call_app'
railties (5.1.2) lib/rails/rack/logger.rb:24:in `block in call'
activesupport (5.1.2) lib/active_support/tagged_logging.rb:69:in `block in tagged'
activesupport (5.1.2) lib/active_support/tagged_logging.rb:26:in `tagged'
activesupport (5.1.2) lib/active_support/tagged_logging.rb:69:in `tagged'
railties (5.1.2) lib/rails/rack/logger.rb:24:in `call'
actionpack (5.1.2) lib/action_dispatch/middleware/remote_ip.rb:79:in `call'
actionpack (5.1.2) lib/action_dispatch/middleware/request_id.rb:25:in `call'
rack (2.0.3) lib/rack/runtime.rb:22:in `call'
activesupport (5.1.2) lib/active_support/cache/strategy/local_cache_middleware.rb:27:in `call'
actionpack (5.1.2) lib/action_dispatch/middleware/executor.rb:12:in `call'
actionpack (5.1.2) lib/action_dispatch/middleware/static.rb:125:in `call'
rack (2.0.3) lib/rack/sendfile.rb:111:in `call'
railties (5.1.2) lib/rails/engine.rb:522:in `call'
puma (3.9.1) lib/puma/configuration.rb:224:in `call'
puma (3.9.1) lib/puma/server.rb:602:in `handle_request'
puma (3.9.1) lib/puma/server.rb:435:in `process_client'
puma (3.9.1) lib/puma/server.rb:299:in `block in run'
puma (3.9.1) lib/puma/thread_pool.rb:120:in `block in spawn_thread'
Started GET "/api/assignment_details" for 127.0.0.1 at 2017-12-24 12:59:52 -0700
Processing by Api::AssignmentDetailsController#show as HTML
Started GET "/rails/info/routes" for ::1 at 2017-12-24 12:59:52 -0700
Processing by Rails::InfoController#routes as HTML
Completed 500 Internal Server Error in 87ms


  
NoMethodError (undefined method `set_page' for #<Api::AssignmentDetailsController:0x007fe2f61890a8>
Did you mean?  set_pages):
  
activesupport (5.1.2) lib/active_support/callbacks.rb:413:in `block in make_lambda'
activesupport (5.1.2) lib/active_support/callbacks.rb:197:in `block (2 levels) in halting'
actionpack (5.1.2) lib/abstract_controller/callbacks.rb:12:in `block (2 levels) in <module:Callbacks>'
activesupport (5.1.2) lib/active_support/callbacks.rb:198:in `block in halting'
activesupport (5.1.2) lib/active_support/callbacks.rb:507:in `block in invoke_before'
activesupport (5.1.2) lib/active_support/callbacks.rb:507:in `each'
activesupport (5.1.2) lib/active_support/callbacks.rb:507:in `invoke_before'
activesupport (5.1.2) lib/active_support/callbacks.rb:130:in `run_callbacks'
actionpack (5.1.2) lib/abstract_controller/callbacks.rb:19:in `process_action'
actionpack (5.1.2) lib/action_controller/metal/rescue.rb:20:in `process_action'
actionpack (5.1.2) lib/action_controller/metal/instrumentation.rb:32:in `block in process_action'
activesupport (5.1.2) lib/active_support/notifications.rb:166:in `block in instrument'
activesupport (5.1.2) lib/active_support/notifications/instrumenter.rb:21:in `instrument'
activesupport (5.1.2) lib/active_support/notifications.rb:166:in `instrument'
actionpack (5.1.2) lib/action_controller/metal/instrumentation.rb:30:in `process_action'
actionpack (5.1.2) lib/action_controller/metal/params_wrapper.rb:252:in `process_action'
activerecord (5.1.2) lib/active_record/railties/controller_runtime.rb:22:in `process_action'
actionpack (5.1.2) lib/abstract_controller/base.rb:124:in `process'
actionpack (5.1.2) lib/action_controller/metal.rb:189:in `dispatch'
actionpack (5.1.2) lib/action_controller/metal.rb:253:in `dispatch'
actionpack (5.1.2) lib/action_dispatch/routing/route_set.rb:49:in `dispatch'
actionpack (5.1.2) lib/action_dispatch/routing/route_set.rb:31:in `serve'
actionpack (5.1.2) lib/action_dispatch/journey/router.rb:46:in `block in serve'
actionpack (5.1.2) lib/action_dispatch/journey/router.rb:33:in `each'
actionpack (5.1.2) lib/action_dispatch/journey/router.rb:33:in `serve'
actionpack (5.1.2) lib/action_dispatch/routing/route_set.rb:832:in `call'
rack (2.0.3) lib/rack/etag.rb:25:in `call'
rack (2.0.3) lib/rack/conditional_get.rb:25:in `call'
rack (2.0.3) lib/rack/head.rb:12:in `call'
activerecord (5.1.2) lib/active_record/migration.rb:556:in `call'
actionpack (5.1.2) lib/action_dispatch/middleware/callbacks.rb:26:in `block in call'
activesupport (5.1.2) lib/active_support/callbacks.rb:97:in `run_callbacks'
actionpack (5.1.2) lib/action_dispatch/middleware/callbacks.rb:24:in `call'
actionpack (5.1.2) lib/action_dispatch/middleware/executor.rb:12:in `call'
actionpack (5.1.2) lib/action_dispatch/middleware/debug_exceptions.rb:59:in `call'
actionpack (5.1.2) lib/action_dispatch/middleware/show_exceptions.rb:31:in `call'
railties (5.1.2) lib/rails/rack/logger.rb:36:in `call_app'
railties (5.1.2) lib/rails/rack/logger.rb:24:in `block in call'
activesupport (5.1.2) lib/active_support/tagged_logging.rb:69:in `block in tagged'
activesupport (5.1.2) lib/active_support/tagged_logging.rb:26:in `tagged'
activesupport (5.1.2) lib/active_support/tagged_logging.rb:69:in `tagged'
railties (5.1.2) lib/rails/rack/logger.rb:24:in `call'
actionpack (5.1.2) lib/action_dispatch/middleware/remote_ip.rb:79:in `call'
actionpack (5.1.2) lib/action_dispatch/middleware/request_id.rb:25:in `call'
rack (2.0.3) lib/rack/runtime.rb:22:in `call'
activesupport (5.1.2) lib/active_support/cache/strategy/local_cache_middleware.rb:27:in `call'
actionpack (5.1.2) lib/action_dispatch/middleware/executor.rb:12:in `call'
actionpack (5.1.2) lib/action_dispatch/middleware/static.rb:125:in `call'
rack (2.0.3) lib/rack/sendfile.rb:111:in `call'
railties (5.1.2) lib/rails/engine.rb:522:in `call'
puma (3.9.1) lib/puma/configuration.rb:224:in `call'
puma (3.9.1) lib/puma/server.rb:602:in `handle_request'
puma (3.9.1) lib/puma/server.rb:435:in `process_client'
puma (3.9.1) lib/puma/server.rb:299:in `block in run'
puma (3.9.1) lib/puma/thread_pool.rb:120:in `block in spawn_thread'
  Rendering /Users/danielactor/.rbenv/versions/2.3.1/lib/ruby/gems/2.3.0/gems/railties-5.1.2/lib/rails/templates/rails/info/routes.html.erb within layouts/application
  Rendered collection of /Users/danielactor/.rbenv/versions/2.3.1/lib/ruby/gems/2.3.0/gems/actionpack-5.1.2/lib/action_dispatch/middleware/templates/routes/_route.html.erb [13 times] (4.0ms)
  Rendered /Users/danielactor/.rbenv/versions/2.3.1/lib/ruby/gems/2.3.0/gems/actionpack-5.1.2/lib/action_dispatch/middleware/templates/routes/_table.html.erb (1.3ms)
  Rendered /Users/danielactor/.rbenv/versions/2.3.1/lib/ruby/gems/2.3.0/gems/railties-5.1.2/lib/rails/templates/rails/info/routes.html.erb within layouts/application (510.5ms)
Completed 200 OK in 1654ms (Views: 1331.6ms)


Started GET "/rails/info/routes" for ::1 at 2017-12-24 13:01:53 -0700
Processing by Rails::InfoController#routes as HTML
Started GET "/api/assignment_details" for 127.0.0.1 at 2017-12-24 13:01:53 -0700
Processing by Api::AssignmentDetailsController#show as HTML
Completed 500 Internal Server Error in 101ms


  
  Rendering /Users/danielactor/.rbenv/versions/2.3.1/lib/ruby/gems/2.3.0/gems/railties-5.1.2/lib/rails/templates/rails/info/routes.html.erb within layouts/application
NoMethodError (undefined method `set_page' for #<Api::AssignmentDetailsController:0x007fe2f57a68b0>
Did you mean?  set_pages):
  
activesupport (5.1.2) lib/active_support/callbacks.rb:413:in `block in make_lambda'
activesupport (5.1.2) lib/active_support/callbacks.rb:197:in `block (2 levels) in halting'
actionpack (5.1.2) lib/abstract_controller/callbacks.rb:12:in `block (2 levels) in <module:Callbacks>'
activesupport (5.1.2) lib/active_support/callbacks.rb:198:in `block in halting'
activesupport (5.1.2) lib/active_support/callbacks.rb:507:in `block in invoke_before'
activesupport (5.1.2) lib/active_support/callbacks.rb:507:in `each'
activesupport (5.1.2) lib/active_support/callbacks.rb:507:in `invoke_before'
activesupport (5.1.2) lib/active_support/callbacks.rb:130:in `run_callbacks'
actionpack (5.1.2) lib/abstract_controller/callbacks.rb:19:in `process_action'
actionpack (5.1.2) lib/action_controller/metal/rescue.rb:20:in `process_action'
actionpack (5.1.2) lib/action_controller/metal/instrumentation.rb:32:in `block in process_action'
activesupport (5.1.2) lib/active_support/notifications.rb:166:in `block in instrument'
activesupport (5.1.2) lib/active_support/notifications/instrumenter.rb:21:in `instrument'
activesupport (5.1.2) lib/active_support/notifications.rb:166:in `instrument'
actionpack (5.1.2) lib/action_controller/metal/instrumentation.rb:30:in `process_action'
actionpack (5.1.2) lib/action_controller/metal/params_wrapper.rb:252:in `process_action'
activerecord (5.1.2) lib/active_record/railties/controller_runtime.rb:22:in `process_action'
actionpack (5.1.2) lib/abstract_controller/base.rb:124:in `process'
actionpack (5.1.2) lib/action_controller/metal.rb:189:in `dispatch'
actionpack (5.1.2) lib/action_controller/metal.rb:253:in `dispatch'
actionpack (5.1.2) lib/action_dispatch/routing/route_set.rb:49:in `dispatch'
actionpack (5.1.2) lib/action_dispatch/routing/route_set.rb:31:in `serve'
actionpack (5.1.2) lib/action_dispatch/journey/router.rb:46:in `block in serve'
actionpack (5.1.2) lib/action_dispatch/journey/router.rb:33:in `each'
actionpack (5.1.2) lib/action_dispatch/journey/router.rb:33:in `serve'
actionpack (5.1.2) lib/action_dispatch/routing/route_set.rb:832:in `call'
rack (2.0.3) lib/rack/etag.rb:25:in `call'
rack (2.0.3) lib/rack/conditional_get.rb:25:in `call'
rack (2.0.3) lib/rack/head.rb:12:in `call'
activerecord (5.1.2) lib/active_record/migration.rb:556:in `call'
actionpack (5.1.2) lib/action_dispatch/middleware/callbacks.rb:26:in `block in call'
activesupport (5.1.2) lib/active_support/callbacks.rb:97:in `run_callbacks'
actionpack (5.1.2) lib/action_dispatch/middleware/callbacks.rb:24:in `call'
actionpack (5.1.2) lib/action_dispatch/middleware/executor.rb:12:in `call'
actionpack (5.1.2) lib/action_dispatch/middleware/debug_exceptions.rb:59:in `call'
actionpack (5.1.2) lib/action_dispatch/middleware/show_exceptions.rb:31:in `call'
railties (5.1.2) lib/rails/rack/logger.rb:36:in `call_app'
railties (5.1.2) lib/rails/rack/logger.rb:24:in `block in call'
activesupport (5.1.2) lib/active_support/tagged_logging.rb:69:in `block in tagged'
activesupport (5.1.2) lib/active_support/tagged_logging.rb:26:in `tagged'
activesupport (5.1.2) lib/active_support/tagged_logging.rb:69:in `tagged'
railties (5.1.2) lib/rails/rack/logger.rb:24:in `call'
actionpack (5.1.2) lib/action_dispatch/middleware/remote_ip.rb:79:in `call'
actionpack (5.1.2) lib/action_dispatch/middleware/request_id.rb:25:in `call'
rack (2.0.3) lib/rack/runtime.rb:22:in `call'
activesupport (5.1.2) lib/active_support/cache/strategy/local_cache_middleware.rb:27:in `call'
actionpack (5.1.2) lib/action_dispatch/middleware/executor.rb:12:in `call'
actionpack (5.1.2) lib/action_dispatch/middleware/static.rb:125:in `call'
rack (2.0.3) lib/rack/sendfile.rb:111:in `call'
railties (5.1.2) lib/rails/engine.rb:522:in `call'
puma (3.9.1) lib/puma/configuration.rb:224:in `call'
puma (3.9.1) lib/puma/server.rb:602:in `handle_request'
puma (3.9.1) lib/puma/server.rb:435:in `process_client'
puma (3.9.1) lib/puma/server.rb:299:in `block in run'
puma (3.9.1) lib/puma/thread_pool.rb:120:in `block in spawn_thread'
  Rendered collection of /Users/danielactor/.rbenv/versions/2.3.1/lib/ruby/gems/2.3.0/gems/actionpack-5.1.2/lib/action_dispatch/middleware/templates/routes/_route.html.erb [13 times] (7.6ms)
  Rendered /Users/danielactor/.rbenv/versions/2.3.1/lib/ruby/gems/2.3.0/gems/actionpack-5.1.2/lib/action_dispatch/middleware/templates/routes/_table.html.erb (1.8ms)
  Rendered /Users/danielactor/.rbenv/versions/2.3.1/lib/ruby/gems/2.3.0/gems/railties-5.1.2/lib/rails/templates/rails/info/routes.html.erb within layouts/application (44.2ms)
Completed 200 OK in 219ms (Views: 125.0ms)


Started GET "/rails/info/routes" for ::1 at 2017-12-24 13:01:57 -0700
Processing by Rails::InfoController#routes as HTML
Started GET "/api/assignment_details" for 127.0.0.1 at 2017-12-24 13:01:57 -0700
Processing by Api::AssignmentDetailsController#show as HTML
Completed 500 Internal Server Error in 83ms


  
  Rendering /Users/danielactor/.rbenv/versions/2.3.1/lib/ruby/gems/2.3.0/gems/railties-5.1.2/lib/rails/templates/rails/info/routes.html.erb within layouts/application
NoMethodError (undefined method `set_page' for #<Api::AssignmentDetailsController:0x007fe2f965bad8>
Did you mean?  set_pages):
  
  Rendered collection of /Users/danielactor/.rbenv/versions/2.3.1/lib/ruby/gems/2.3.0/gems/actionpack-5.1.2/lib/action_dispatch/middleware/templates/routes/_route.html.erb [13 times] (5.5ms)
activesupport (5.1.2) lib/active_support/callbacks.rb:413:in `block in make_lambda'
activesupport (5.1.2) lib/active_support/callbacks.rb:197:in `block (2 levels) in halting'
actionpack (5.1.2) lib/abstract_controller/callbacks.rb:12:in `block (2 levels) in <module:Callbacks>'
activesupport (5.1.2) lib/active_support/callbacks.rb:198:in `block in halting'
activesupport (5.1.2) lib/active_support/callbacks.rb:507:in `block in invoke_before'
activesupport (5.1.2) lib/active_support/callbacks.rb:507:in `each'
activesupport (5.1.2) lib/active_support/callbacks.rb:507:in `invoke_before'
activesupport (5.1.2) lib/active_support/callbacks.rb:130:in `run_callbacks'
actionpack (5.1.2) lib/abstract_controller/callbacks.rb:19:in `process_action'
actionpack (5.1.2) lib/action_controller/metal/rescue.rb:20:in `process_action'
actionpack (5.1.2) lib/action_controller/metal/instrumentation.rb:32:in `block in process_action'
activesupport (5.1.2) lib/active_support/notifications.rb:166:in `block in instrument'
activesupport (5.1.2) lib/active_support/notifications/instrumenter.rb:21:in `instrument'
activesupport (5.1.2) lib/active_support/notifications.rb:166:in `instrument'
actionpack (5.1.2) lib/action_controller/metal/instrumentation.rb:30:in `process_action'
actionpack (5.1.2) lib/action_controller/metal/params_wrapper.rb:252:in `process_action'
activerecord (5.1.2) lib/active_record/railties/controller_runtime.rb:22:in `process_action'
actionpack (5.1.2) lib/abstract_controller/base.rb:124:in `process'
actionpack (5.1.2) lib/action_controller/metal.rb:189:in `dispatch'
actionpack (5.1.2) lib/action_controller/metal.rb:253:in `dispatch'
actionpack (5.1.2) lib/action_dispatch/routing/route_set.rb:49:in `dispatch'
actionpack (5.1.2) lib/action_dispatch/routing/route_set.rb:31:in `serve'
actionpack (5.1.2) lib/action_dispatch/journey/router.rb:46:in `block in serve'
actionpack (5.1.2) lib/action_dispatch/journey/router.rb:33:in `each'
actionpack (5.1.2) lib/action_dispatch/journey/router.rb:33:in `serve'
actionpack (5.1.2) lib/action_dispatch/routing/route_set.rb:832:in `call'
rack (2.0.3) lib/rack/etag.rb:25:in `call'
rack (2.0.3) lib/rack/conditional_get.rb:25:in `call'
rack (2.0.3) lib/rack/head.rb:12:in `call'
activerecord (5.1.2) lib/active_record/migration.rb:556:in `call'
actionpack (5.1.2) lib/action_dispatch/middleware/callbacks.rb:26:in `block in call'
activesupport (5.1.2) lib/active_support/callbacks.rb:97:in `run_callbacks'
actionpack (5.1.2) lib/action_dispatch/middleware/callbacks.rb:24:in `call'
actionpack (5.1.2) lib/action_dispatch/middleware/executor.rb:12:in `call'
actionpack (5.1.2) lib/action_dispatch/middleware/debug_exceptions.rb:59:in `call'
actionpack (5.1.2) lib/action_dispatch/middleware/show_exceptions.rb:31:in `call'
railties (5.1.2) lib/rails/rack/logger.rb:36:in `call_app'
railties (5.1.2) lib/rails/rack/logger.rb:24:in `block in call'
activesupport (5.1.2) lib/active_support/tagged_logging.rb:69:in `block in tagged'
activesupport (5.1.2) lib/active_support/tagged_logging.rb:26:in `tagged'
activesupport (5.1.2) lib/active_support/tagged_logging.rb:69:in `tagged'
railties (5.1.2) lib/rails/rack/logger.rb:24:in `call'
actionpack (5.1.2) lib/action_dispatch/middleware/remote_ip.rb:79:in `call'
actionpack (5.1.2) lib/action_dispatch/middleware/request_id.rb:25:in `call'
rack (2.0.3) lib/rack/runtime.rb:22:in `call'
activesupport (5.1.2) lib/active_support/cache/strategy/local_cache_middleware.rb:27:in `call'
actionpack (5.1.2) lib/action_dispatch/middleware/executor.rb:12:in `call'
actionpack (5.1.2) lib/action_dispatch/middleware/static.rb:125:in `call'
rack (2.0.3) lib/rack/sendfile.rb:111:in `call'
railties (5.1.2) lib/rails/engine.rb:522:in `call'
puma (3.9.1) lib/puma/configuration.rb:224:in `call'
puma (3.9.1) lib/puma/server.rb:602:in `handle_request'
puma (3.9.1) lib/puma/server.rb:435:in `process_client'
puma (3.9.1) lib/puma/server.rb:299:in `block in run'
puma (3.9.1) lib/puma/thread_pool.rb:120:in `block in spawn_thread'
  Rendered /Users/danielactor/.rbenv/versions/2.3.1/lib/ruby/gems/2.3.0/gems/actionpack-5.1.2/lib/action_dispatch/middleware/templates/routes/_table.html.erb (2.3ms)
  Rendered /Users/danielactor/.rbenv/versions/2.3.1/lib/ruby/gems/2.3.0/gems/railties-5.1.2/lib/rails/templates/rails/info/routes.html.erb within layouts/application (48.7ms)
Completed 200 OK in 220ms (Views: 207.6ms)


Started GET "/rails/info/routes" for ::1 at 2017-12-24 15:42:25 -0700
Processing by Rails::InfoController#routes as HTML
Started GET "/api/assignment_details" for 127.0.0.1 at 2017-12-24 15:42:25 -0700
Processing by Api::AssignmentDetailsController#show as HTML
  Rendering /Users/danielactor/.rbenv/versions/2.3.1/lib/ruby/gems/2.3.0/gems/railties-5.1.2/lib/rails/templates/rails/info/routes.html.erb within layouts/application
Completed 500 Internal Server Error in 173ms


  
  Rendered collection of /Users/danielactor/.rbenv/versions/2.3.1/lib/ruby/gems/2.3.0/gems/actionpack-5.1.2/lib/action_dispatch/middleware/templates/routes/_route.html.erb [13 times] (20.2ms)
NoMethodError (undefined method `set_page' for #<Api::AssignmentDetailsController:0x007fe2f5e64f30>
Did you mean?  set_pages):
  
activesupport (5.1.2) lib/active_support/callbacks.rb:413:in `block in make_lambda'
activesupport (5.1.2) lib/active_support/callbacks.rb:197:in `block (2 levels) in halting'
actionpack (5.1.2) lib/abstract_controller/callbacks.rb:12:in `block (2 levels) in <module:Callbacks>'
activesupport (5.1.2) lib/active_support/callbacks.rb:198:in `block in halting'
activesupport (5.1.2) lib/active_support/callbacks.rb:507:in `block in invoke_before'
activesupport (5.1.2) lib/active_support/callbacks.rb:507:in `each'
activesupport (5.1.2) lib/active_support/callbacks.rb:507:in `invoke_before'
activesupport (5.1.2) lib/active_support/callbacks.rb:130:in `run_callbacks'
actionpack (5.1.2) lib/abstract_controller/callbacks.rb:19:in `process_action'
actionpack (5.1.2) lib/action_controller/metal/rescue.rb:20:in `process_action'
actionpack (5.1.2) lib/action_controller/metal/instrumentation.rb:32:in `block in process_action'
activesupport (5.1.2) lib/active_support/notifications.rb:166:in `block in instrument'
activesupport (5.1.2) lib/active_support/notifications/instrumenter.rb:21:in `instrument'
activesupport (5.1.2) lib/active_support/notifications.rb:166:in `instrument'
actionpack (5.1.2) lib/action_controller/metal/instrumentation.rb:30:in `process_action'
actionpack (5.1.2) lib/action_controller/metal/params_wrapper.rb:252:in `process_action'
activerecord (5.1.2) lib/active_record/railties/controller_runtime.rb:22:in `process_action'
actionpack (5.1.2) lib/abstract_controller/base.rb:124:in `process'
actionpack (5.1.2) lib/action_controller/metal.rb:189:in `dispatch'
actionpack (5.1.2) lib/action_controller/metal.rb:253:in `dispatch'
actionpack (5.1.2) lib/action_dispatch/routing/route_set.rb:49:in `dispatch'
actionpack (5.1.2) lib/action_dispatch/routing/route_set.rb:31:in `serve'
actionpack (5.1.2) lib/action_dispatch/journey/router.rb:46:in `block in serve'
actionpack (5.1.2) lib/action_dispatch/journey/router.rb:33:in `each'
actionpack (5.1.2) lib/action_dispatch/journey/router.rb:33:in `serve'
actionpack (5.1.2) lib/action_dispatch/routing/route_set.rb:832:in `call'
rack (2.0.3) lib/rack/etag.rb:25:in `call'
rack (2.0.3) lib/rack/conditional_get.rb:25:in `call'
rack (2.0.3) lib/rack/head.rb:12:in `call'
activerecord (5.1.2) lib/active_record/migration.rb:556:in `call'
actionpack (5.1.2) lib/action_dispatch/middleware/callbacks.rb:26:in `block in call'
activesupport (5.1.2) lib/active_support/callbacks.rb:97:in `run_callbacks'
actionpack (5.1.2) lib/action_dispatch/middleware/callbacks.rb:24:in `call'
actionpack (5.1.2) lib/action_dispatch/middleware/executor.rb:12:in `call'
actionpack (5.1.2) lib/action_dispatch/middleware/debug_exceptions.rb:59:in `call'
actionpack (5.1.2) lib/action_dispatch/middleware/show_exceptions.rb:31:in `call'
railties (5.1.2) lib/rails/rack/logger.rb:36:in `call_app'
railties (5.1.2) lib/rails/rack/logger.rb:24:in `block in call'
activesupport (5.1.2) lib/active_support/tagged_logging.rb:69:in `block in tagged'
activesupport (5.1.2) lib/active_support/tagged_logging.rb:26:in `tagged'
activesupport (5.1.2) lib/active_support/tagged_logging.rb:69:in `tagged'
railties (5.1.2) lib/rails/rack/logger.rb:24:in `call'
actionpack (5.1.2) lib/action_dispatch/middleware/remote_ip.rb:79:in `call'
actionpack (5.1.2) lib/action_dispatch/middleware/request_id.rb:25:in `call'
rack (2.0.3) lib/rack/runtime.rb:22:in `call'
activesupport (5.1.2) lib/active_support/cache/strategy/local_cache_middleware.rb:27:in `call'
actionpack (5.1.2) lib/action_dispatch/middleware/executor.rb:12:in `call'
actionpack (5.1.2) lib/action_dispatch/middleware/static.rb:125:in `call'
rack (2.0.3) lib/rack/sendfile.rb:111:in `call'
railties (5.1.2) lib/rails/engine.rb:522:in `call'
puma (3.9.1) lib/puma/configuration.rb:224:in `call'
puma (3.9.1) lib/puma/server.rb:602:in `handle_request'
puma (3.9.1) lib/puma/server.rb:435:in `process_client'
puma (3.9.1) lib/puma/server.rb:299:in `block in run'
puma (3.9.1) lib/puma/thread_pool.rb:120:in `block in spawn_thread'
  Rendered /Users/danielactor/.rbenv/versions/2.3.1/lib/ruby/gems/2.3.0/gems/actionpack-5.1.2/lib/action_dispatch/middleware/templates/routes/_table.html.erb (2.2ms)
  Rendered /Users/danielactor/.rbenv/versions/2.3.1/lib/ruby/gems/2.3.0/gems/railties-5.1.2/lib/rails/templates/rails/info/routes.html.erb within layouts/application (164.1ms)
Completed 200 OK in 386ms (Views: 364.8ms)


Started GET "/rails/info/routes" for ::1 at 2017-12-24 15:47:12 -0700
Processing by Rails::InfoController#routes as HTML
  Rendering /Users/danielactor/.rbenv/versions/2.3.1/lib/ruby/gems/2.3.0/gems/railties-5.1.2/lib/rails/templates/rails/info/routes.html.erb within layouts/application
  Rendered collection of /Users/danielactor/.rbenv/versions/2.3.1/lib/ruby/gems/2.3.0/gems/actionpack-5.1.2/lib/action_dispatch/middleware/templates/routes/_route.html.erb [13 times] (9.3ms)
  Rendered /Users/danielactor/.rbenv/versions/2.3.1/lib/ruby/gems/2.3.0/gems/actionpack-5.1.2/lib/action_dispatch/middleware/templates/routes/_table.html.erb (2.9ms)
  Rendered /Users/danielactor/.rbenv/versions/2.3.1/lib/ruby/gems/2.3.0/gems/railties-5.1.2/lib/rails/templates/rails/info/routes.html.erb within layouts/application (207.4ms)
Completed 200 OK in 507ms (Views: 265.3ms)


Started GET "/api/assignment_details" for 127.0.0.1 at 2017-12-24 15:47:16 -0700
Processing by Api::AssignmentDetailsController#show as HTML
Completed 500 Internal Server Error in 99ms


  
NoMethodError (undefined method `set_page' for #<Api::AssignmentDetailsController:0x007fe2f91b1460>
Did you mean?  set_pages):
  
activesupport (5.1.2) lib/active_support/callbacks.rb:413:in `block in make_lambda'
activesupport (5.1.2) lib/active_support/callbacks.rb:197:in `block (2 levels) in halting'
actionpack (5.1.2) lib/abstract_controller/callbacks.rb:12:in `block (2 levels) in <module:Callbacks>'
activesupport (5.1.2) lib/active_support/callbacks.rb:198:in `block in halting'
activesupport (5.1.2) lib/active_support/callbacks.rb:507:in `block in invoke_before'
activesupport (5.1.2) lib/active_support/callbacks.rb:507:in `each'
activesupport (5.1.2) lib/active_support/callbacks.rb:507:in `invoke_before'
activesupport (5.1.2) lib/active_support/callbacks.rb:130:in `run_callbacks'
actionpack (5.1.2) lib/abstract_controller/callbacks.rb:19:in `process_action'
actionpack (5.1.2) lib/action_controller/metal/rescue.rb:20:in `process_action'
actionpack (5.1.2) lib/action_controller/metal/instrumentation.rb:32:in `block in process_action'
activesupport (5.1.2) lib/active_support/notifications.rb:166:in `block in instrument'
activesupport (5.1.2) lib/active_support/notifications/instrumenter.rb:21:in `instrument'
activesupport (5.1.2) lib/active_support/notifications.rb:166:in `instrument'
actionpack (5.1.2) lib/action_controller/metal/instrumentation.rb:30:in `process_action'
actionpack (5.1.2) lib/action_controller/metal/params_wrapper.rb:252:in `process_action'
activerecord (5.1.2) lib/active_record/railties/controller_runtime.rb:22:in `process_action'
actionpack (5.1.2) lib/abstract_controller/base.rb:124:in `process'
actionpack (5.1.2) lib/action_controller/metal.rb:189:in `dispatch'
actionpack (5.1.2) lib/action_controller/metal.rb:253:in `dispatch'
actionpack (5.1.2) lib/action_dispatch/routing/route_set.rb:49:in `dispatch'
actionpack (5.1.2) lib/action_dispatch/routing/route_set.rb:31:in `serve'
actionpack (5.1.2) lib/action_dispatch/journey/router.rb:46:in `block in serve'
actionpack (5.1.2) lib/action_dispatch/journey/router.rb:33:in `each'
actionpack (5.1.2) lib/action_dispatch/journey/router.rb:33:in `serve'
actionpack (5.1.2) lib/action_dispatch/routing/route_set.rb:832:in `call'
rack (2.0.3) lib/rack/etag.rb:25:in `call'
rack (2.0.3) lib/rack/conditional_get.rb:25:in `call'
rack (2.0.3) lib/rack/head.rb:12:in `call'
activerecord (5.1.2) lib/active_record/migration.rb:556:in `call'
actionpack (5.1.2) lib/action_dispatch/middleware/callbacks.rb:26:in `block in call'
activesupport (5.1.2) lib/active_support/callbacks.rb:97:in `run_callbacks'
actionpack (5.1.2) lib/action_dispatch/middleware/callbacks.rb:24:in `call'
actionpack (5.1.2) lib/action_dispatch/middleware/executor.rb:12:in `call'
actionpack (5.1.2) lib/action_dispatch/middleware/debug_exceptions.rb:59:in `call'
actionpack (5.1.2) lib/action_dispatch/middleware/show_exceptions.rb:31:in `call'
railties (5.1.2) lib/rails/rack/logger.rb:36:in `call_app'
railties (5.1.2) lib/rails/rack/logger.rb:24:in `block in call'
activesupport (5.1.2) lib/active_support/tagged_logging.rb:69:in `block in tagged'
activesupport (5.1.2) lib/active_support/tagged_logging.rb:26:in `tagged'
activesupport (5.1.2) lib/active_support/tagged_logging.rb:69:in `tagged'
railties (5.1.2) lib/rails/rack/logger.rb:24:in `call'
actionpack (5.1.2) lib/action_dispatch/middleware/remote_ip.rb:79:in `call'
actionpack (5.1.2) lib/action_dispatch/middleware/request_id.rb:25:in `call'
rack (2.0.3) lib/rack/runtime.rb:22:in `call'
activesupport (5.1.2) lib/active_support/cache/strategy/local_cache_middleware.rb:27:in `call'
actionpack (5.1.2) lib/action_dispatch/middleware/executor.rb:12:in `call'
actionpack (5.1.2) lib/action_dispatch/middleware/static.rb:125:in `call'
rack (2.0.3) lib/rack/sendfile.rb:111:in `call'
railties (5.1.2) lib/rails/engine.rb:522:in `call'
puma (3.9.1) lib/puma/configuration.rb:224:in `call'
puma (3.9.1) lib/puma/server.rb:602:in `handle_request'
puma (3.9.1) lib/puma/server.rb:435:in `process_client'
puma (3.9.1) lib/puma/server.rb:299:in `block in run'
puma (3.9.1) lib/puma/thread_pool.rb:120:in `block in spawn_thread'
Started GET "/rails/info/routes" for ::1 at 2017-12-24 15:47:17 -0700
Started GET "/api/assignment_details" for 127.0.0.1 at 2017-12-24 15:47:17 -0700
Processing by Rails::InfoController#routes as HTML
Processing by Api::AssignmentDetailsController#show as HTML
Completed 500 Internal Server Error in 85ms


  Rendering /Users/danielactor/.rbenv/versions/2.3.1/lib/ruby/gems/2.3.0/gems/railties-5.1.2/lib/rails/templates/rails/info/routes.html.erb within layouts/application
  
NoMethodError (undefined method `set_page' for #<Api::AssignmentDetailsController:0x007fe2fa9eeca8>
Did you mean?  set_pages):
  
activesupport (5.1.2) lib/active_support/callbacks.rb:413:in `block in make_lambda'
activesupport (5.1.2) lib/active_support/callbacks.rb:197:in `block (2 levels) in halting'
actionpack (5.1.2) lib/abstract_controller/callbacks.rb:12:in `block (2 levels) in <module:Callbacks>'
activesupport (5.1.2) lib/active_support/callbacks.rb:198:in `block in halting'
activesupport (5.1.2) lib/active_support/callbacks.rb:507:in `block in invoke_before'
activesupport (5.1.2) lib/active_support/callbacks.rb:507:in `each'
activesupport (5.1.2) lib/active_support/callbacks.rb:507:in `invoke_before'
activesupport (5.1.2) lib/active_support/callbacks.rb:130:in `run_callbacks'
actionpack (5.1.2) lib/abstract_controller/callbacks.rb:19:in `process_action'
actionpack (5.1.2) lib/action_controller/metal/rescue.rb:20:in `process_action'
actionpack (5.1.2) lib/action_controller/metal/instrumentation.rb:32:in `block in process_action'
activesupport (5.1.2) lib/active_support/notifications.rb:166:in `block in instrument'
activesupport (5.1.2) lib/active_support/notifications/instrumenter.rb:21:in `instrument'
activesupport (5.1.2) lib/active_support/notifications.rb:166:in `instrument'
actionpack (5.1.2) lib/action_controller/metal/instrumentation.rb:30:in `process_action'
actionpack (5.1.2) lib/action_controller/metal/params_wrapper.rb:252:in `process_action'
activerecord (5.1.2) lib/active_record/railties/controller_runtime.rb:22:in `process_action'
actionpack (5.1.2) lib/abstract_controller/base.rb:124:in `process'
actionpack (5.1.2) lib/action_controller/metal.rb:189:in `dispatch'
actionpack (5.1.2) lib/action_controller/metal.rb:253:in `dispatch'
actionpack (5.1.2) lib/action_dispatch/routing/route_set.rb:49:in `dispatch'
actionpack (5.1.2) lib/action_dispatch/routing/route_set.rb:31:in `serve'
actionpack (5.1.2) lib/action_dispatch/journey/router.rb:46:in `block in serve'
actionpack (5.1.2) lib/action_dispatch/journey/router.rb:33:in `each'
actionpack (5.1.2) lib/action_dispatch/journey/router.rb:33:in `serve'
actionpack (5.1.2) lib/action_dispatch/routing/route_set.rb:832:in `call'
rack (2.0.3) lib/rack/etag.rb:25:in `call'
rack (2.0.3) lib/rack/conditional_get.rb:25:in `call'
rack (2.0.3) lib/rack/head.rb:12:in `call'
activerecord (5.1.2) lib/active_record/migration.rb:556:in `call'
actionpack (5.1.2) lib/action_dispatch/middleware/callbacks.rb:26:in `block in call'
activesupport (5.1.2) lib/active_support/callbacks.rb:97:in `run_callbacks'
actionpack (5.1.2) lib/action_dispatch/middleware/callbacks.rb:24:in `call'
actionpack (5.1.2) lib/action_dispatch/middleware/executor.rb:12:in `call'
actionpack (5.1.2) lib/action_dispatch/middleware/debug_exceptions.rb:59:in `call'
actionpack (5.1.2) lib/action_dispatch/middleware/show_exceptions.rb:31:in `call'
railties (5.1.2) lib/rails/rack/logger.rb:36:in `call_app'
railties (5.1.2) lib/rails/rack/logger.rb:24:in `block in call'
activesupport (5.1.2) lib/active_support/tagged_logging.rb:69:in `block in tagged'
activesupport (5.1.2) lib/active_support/tagged_logging.rb:26:in `tagged'
activesupport (5.1.2) lib/active_support/tagged_logging.rb:69:in `tagged'
railties (5.1.2) lib/rails/rack/logger.rb:24:in `call'
actionpack (5.1.2) lib/action_dispatch/middleware/remote_ip.rb:79:in `call'
actionpack (5.1.2) lib/action_dispatch/middleware/request_id.rb:25:in `call'
rack (2.0.3) lib/rack/runtime.rb:22:in `call'
activesupport (5.1.2) lib/active_support/cache/strategy/local_cache_middleware.rb:27:in `call'
actionpack (5.1.2) lib/action_dispatch/middleware/executor.rb:12:in `call'
actionpack (5.1.2) lib/action_dispatch/middleware/static.rb:125:in `call'
rack (2.0.3) lib/rack/sendfile.rb:111:in `call'
railties (5.1.2) lib/rails/engine.rb:522:in `call'
puma (3.9.1) lib/puma/configuration.rb:224:in `call'
puma (3.9.1) lib/puma/server.rb:602:in `handle_request'
puma (3.9.1) lib/puma/server.rb:435:in `process_client'
puma (3.9.1) lib/puma/server.rb:299:in `block in run'
puma (3.9.1) lib/puma/thread_pool.rb:120:in `block in spawn_thread'
  Rendered collection of /Users/danielactor/.rbenv/versions/2.3.1/lib/ruby/gems/2.3.0/gems/actionpack-5.1.2/lib/action_dispatch/middleware/templates/routes/_route.html.erb [13 times] (7.5ms)
  Rendered /Users/danielactor/.rbenv/versions/2.3.1/lib/ruby/gems/2.3.0/gems/actionpack-5.1.2/lib/action_dispatch/middleware/templates/routes/_table.html.erb (1.7ms)
  Rendered /Users/danielactor/.rbenv/versions/2.3.1/lib/ruby/gems/2.3.0/gems/railties-5.1.2/lib/rails/templates/rails/info/routes.html.erb within layouts/application (616.5ms)
Completed 200 OK in 1233ms (Views: 1130.1ms)


Started GET "/rails/info/routes" for ::1 at 2017-12-24 15:47:22 -0700
Processing by Rails::InfoController#routes as HTML
Started GET "/api/assignment_details" for 127.0.0.1 at 2017-12-24 15:47:23 -0700
Processing by Api::AssignmentDetailsController#show as HTML
Completed 500 Internal Server Error in 51ms


  
NoMethodError (undefined method `set_page' for #<Api::AssignmentDetailsController:0x007fe2f4b64138>
Did you mean?  set_pages):
  
activesupport (5.1.2) lib/active_support/callbacks.rb:413:in `block in make_lambda'
activesupport (5.1.2) lib/active_support/callbacks.rb:197:in `block (2 levels) in halting'
actionpack (5.1.2) lib/abstract_controller/callbacks.rb:12:in `block (2 levels) in <module:Callbacks>'
activesupport (5.1.2) lib/active_support/callbacks.rb:198:in `block in halting'
activesupport (5.1.2) lib/active_support/callbacks.rb:507:in `block in invoke_before'
activesupport (5.1.2) lib/active_support/callbacks.rb:507:in `each'
activesupport (5.1.2) lib/active_support/callbacks.rb:507:in `invoke_before'
activesupport (5.1.2) lib/active_support/callbacks.rb:130:in `run_callbacks'
actionpack (5.1.2) lib/abstract_controller/callbacks.rb:19:in `process_action'
actionpack (5.1.2) lib/action_controller/metal/rescue.rb:20:in `process_action'
actionpack (5.1.2) lib/action_controller/metal/instrumentation.rb:32:in `block in process_action'
activesupport (5.1.2) lib/active_support/notifications.rb:166:in `block in instrument'
activesupport (5.1.2) lib/active_support/notifications/instrumenter.rb:21:in `instrument'
activesupport (5.1.2) lib/active_support/notifications.rb:166:in `instrument'
actionpack (5.1.2) lib/action_controller/metal/instrumentation.rb:30:in `process_action'
actionpack (5.1.2) lib/action_controller/metal/params_wrapper.rb:252:in `process_action'
activerecord (5.1.2) lib/active_record/railties/controller_runtime.rb:22:in `process_action'
actionpack (5.1.2) lib/abstract_controller/base.rb:124:in `process'
actionpack (5.1.2) lib/action_controller/metal.rb:189:in `dispatch'
actionpack (5.1.2) lib/action_controller/metal.rb:253:in `dispatch'
actionpack (5.1.2) lib/action_dispatch/routing/route_set.rb:49:in `dispatch'
actionpack (5.1.2) lib/action_dispatch/routing/route_set.rb:31:in `serve'
actionpack (5.1.2) lib/action_dispatch/journey/router.rb:46:in `block in serve'
actionpack (5.1.2) lib/action_dispatch/journey/router.rb:33:in `each'
actionpack (5.1.2) lib/action_dispatch/journey/router.rb:33:in `serve'
actionpack (5.1.2) lib/action_dispatch/routing/route_set.rb:832:in `call'
rack (2.0.3) lib/rack/etag.rb:25:in `call'
rack (2.0.3) lib/rack/conditional_get.rb:25:in `call'
rack (2.0.3) lib/rack/head.rb:12:in `call'
activerecord (5.1.2) lib/active_record/migration.rb:556:in `call'
actionpack (5.1.2) lib/action_dispatch/middleware/callbacks.rb:26:in `block in call'
activesupport (5.1.2) lib/active_support/callbacks.rb:97:in `run_callbacks'
actionpack (5.1.2) lib/action_dispatch/middleware/callbacks.rb:24:in `call'
actionpack (5.1.2) lib/action_dispatch/middleware/executor.rb:12:in `call'
actionpack (5.1.2) lib/action_dispatch/middleware/debug_exceptions.rb:59:in `call'
actionpack (5.1.2) lib/action_dispatch/middleware/show_exceptions.rb:31:in `call'
railties (5.1.2) lib/rails/rack/logger.rb:36:in `call_app'
railties (5.1.2) lib/rails/rack/logger.rb:24:in `block in call'
activesupport (5.1.2) lib/active_support/tagged_logging.rb:69:in `block in tagged'
activesupport (5.1.2) lib/active_support/tagged_logging.rb:26:in `tagged'
activesupport (5.1.2) lib/active_support/tagged_logging.rb:69:in `tagged'
railties (5.1.2) lib/rails/rack/logger.rb:24:in `call'
actionpack (5.1.2) lib/action_dispatch/middleware/remote_ip.rb:79:in `call'
actionpack (5.1.2) lib/action_dispatch/middleware/request_id.rb:25:in `call'
rack (2.0.3) lib/rack/runtime.rb:22:in `call'
activesupport (5.1.2) lib/active_support/cache/strategy/local_cache_middleware.rb:27:in `call'
actionpack (5.1.2) lib/action_dispatch/middleware/executor.rb:12:in `call'
actionpack (5.1.2) lib/action_dispatch/middleware/static.rb:125:in `call'
rack (2.0.3) lib/rack/sendfile.rb:111:in `call'
railties (5.1.2) lib/rails/engine.rb:522:in `call'
puma (3.9.1) lib/puma/configuration.rb:224:in `call'
puma (3.9.1) lib/puma/server.rb:602:in `handle_request'
puma (3.9.1) lib/puma/server.rb:435:in `process_client'
puma (3.9.1) lib/puma/server.rb:299:in `block in run'
puma (3.9.1) lib/puma/thread_pool.rb:120:in `block in spawn_thread'
  Rendering /Users/danielactor/.rbenv/versions/2.3.1/lib/ruby/gems/2.3.0/gems/railties-5.1.2/lib/rails/templates/rails/info/routes.html.erb within layouts/application
  Rendered collection of /Users/danielactor/.rbenv/versions/2.3.1/lib/ruby/gems/2.3.0/gems/actionpack-5.1.2/lib/action_dispatch/middleware/templates/routes/_route.html.erb [13 times] (8.7ms)
  Rendered /Users/danielactor/.rbenv/versions/2.3.1/lib/ruby/gems/2.3.0/gems/actionpack-5.1.2/lib/action_dispatch/middleware/templates/routes/_table.html.erb (2.0ms)
  Rendered /Users/danielactor/.rbenv/versions/2.3.1/lib/ruby/gems/2.3.0/gems/railties-5.1.2/lib/rails/templates/rails/info/routes.html.erb within layouts/application (225.4ms)
Completed 200 OK in 799ms (Views: 740.9ms)


Started GET "/rails/info/routes" for ::1 at 2017-12-24 15:47:31 -0700
Processing by Rails::InfoController#routes as HTML
  Rendering /Users/danielactor/.rbenv/versions/2.3.1/lib/ruby/gems/2.3.0/gems/railties-5.1.2/lib/rails/templates/rails/info/routes.html.erb within layouts/application
  Rendered collection of /Users/danielactor/.rbenv/versions/2.3.1/lib/ruby/gems/2.3.0/gems/actionpack-5.1.2/lib/action_dispatch/middleware/templates/routes/_route.html.erb [13 times] (10.1ms)
  Rendered /Users/danielactor/.rbenv/versions/2.3.1/lib/ruby/gems/2.3.0/gems/actionpack-5.1.2/lib/action_dispatch/middleware/templates/routes/_table.html.erb (2.8ms)
  Rendered /Users/danielactor/.rbenv/versions/2.3.1/lib/ruby/gems/2.3.0/gems/railties-5.1.2/lib/rails/templates/rails/info/routes.html.erb within layouts/application (107.2ms)
Completed 200 OK in 208ms (Views: 195.9ms)


Started GET "/api/assignment_details" for 127.0.0.1 at 2017-12-24 15:47:33 -0700
Processing by Api::AssignmentDetailsController#show as HTML
Completed 500 Internal Server Error in 70ms


  
NoMethodError (undefined method `set_page' for #<Api::AssignmentDetailsController:0x007fe2fa90ab48>
Did you mean?  set_pages):
  
activesupport (5.1.2) lib/active_support/callbacks.rb:413:in `block in make_lambda'
activesupport (5.1.2) lib/active_support/callbacks.rb:197:in `block (2 levels) in halting'
actionpack (5.1.2) lib/abstract_controller/callbacks.rb:12:in `block (2 levels) in <module:Callbacks>'
activesupport (5.1.2) lib/active_support/callbacks.rb:198:in `block in halting'
activesupport (5.1.2) lib/active_support/callbacks.rb:507:in `block in invoke_before'
activesupport (5.1.2) lib/active_support/callbacks.rb:507:in `each'
activesupport (5.1.2) lib/active_support/callbacks.rb:507:in `invoke_before'
activesupport (5.1.2) lib/active_support/callbacks.rb:130:in `run_callbacks'
actionpack (5.1.2) lib/abstract_controller/callbacks.rb:19:in `process_action'
actionpack (5.1.2) lib/action_controller/metal/rescue.rb:20:in `process_action'
actionpack (5.1.2) lib/action_controller/metal/instrumentation.rb:32:in `block in process_action'
activesupport (5.1.2) lib/active_support/notifications.rb:166:in `block in instrument'
activesupport (5.1.2) lib/active_support/notifications/instrumenter.rb:21:in `instrument'
activesupport (5.1.2) lib/active_support/notifications.rb:166:in `instrument'
actionpack (5.1.2) lib/action_controller/metal/instrumentation.rb:30:in `process_action'
actionpack (5.1.2) lib/action_controller/metal/params_wrapper.rb:252:in `process_action'
activerecord (5.1.2) lib/active_record/railties/controller_runtime.rb:22:in `process_action'
actionpack (5.1.2) lib/abstract_controller/base.rb:124:in `process'
actionpack (5.1.2) lib/action_controller/metal.rb:189:in `dispatch'
actionpack (5.1.2) lib/action_controller/metal.rb:253:in `dispatch'
actionpack (5.1.2) lib/action_dispatch/routing/route_set.rb:49:in `dispatch'
actionpack (5.1.2) lib/action_dispatch/routing/route_set.rb:31:in `serve'
actionpack (5.1.2) lib/action_dispatch/journey/router.rb:46:in `block in serve'
actionpack (5.1.2) lib/action_dispatch/journey/router.rb:33:in `each'
actionpack (5.1.2) lib/action_dispatch/journey/router.rb:33:in `serve'
actionpack (5.1.2) lib/action_dispatch/routing/route_set.rb:832:in `call'
rack (2.0.3) lib/rack/etag.rb:25:in `call'
rack (2.0.3) lib/rack/conditional_get.rb:25:in `call'
rack (2.0.3) lib/rack/head.rb:12:in `call'
activerecord (5.1.2) lib/active_record/migration.rb:556:in `call'
actionpack (5.1.2) lib/action_dispatch/middleware/callbacks.rb:26:in `block in call'
activesupport (5.1.2) lib/active_support/callbacks.rb:97:in `run_callbacks'
actionpack (5.1.2) lib/action_dispatch/middleware/callbacks.rb:24:in `call'
actionpack (5.1.2) lib/action_dispatch/middleware/executor.rb:12:in `call'
actionpack (5.1.2) lib/action_dispatch/middleware/debug_exceptions.rb:59:in `call'
actionpack (5.1.2) lib/action_dispatch/middleware/show_exceptions.rb:31:in `call'
railties (5.1.2) lib/rails/rack/logger.rb:36:in `call_app'
railties (5.1.2) lib/rails/rack/logger.rb:24:in `block in call'
activesupport (5.1.2) lib/active_support/tagged_logging.rb:69:in `block in tagged'
activesupport (5.1.2) lib/active_support/tagged_logging.rb:26:in `tagged'
activesupport (5.1.2) lib/active_support/tagged_logging.rb:69:in `tagged'
railties (5.1.2) lib/rails/rack/logger.rb:24:in `call'
actionpack (5.1.2) lib/action_dispatch/middleware/remote_ip.rb:79:in `call'
actionpack (5.1.2) lib/action_dispatch/middleware/request_id.rb:25:in `call'
rack (2.0.3) lib/rack/runtime.rb:22:in `call'
activesupport (5.1.2) lib/active_support/cache/strategy/local_cache_middleware.rb:27:in `call'
actionpack (5.1.2) lib/action_dispatch/middleware/executor.rb:12:in `call'
actionpack (5.1.2) lib/action_dispatch/middleware/static.rb:125:in `call'
rack (2.0.3) lib/rack/sendfile.rb:111:in `call'
railties (5.1.2) lib/rails/engine.rb:522:in `call'
puma (3.9.1) lib/puma/configuration.rb:224:in `call'
puma (3.9.1) lib/puma/server.rb:602:in `handle_request'
puma (3.9.1) lib/puma/server.rb:435:in `process_client'
puma (3.9.1) lib/puma/server.rb:299:in `block in run'
puma (3.9.1) lib/puma/thread_pool.rb:120:in `block in spawn_thread'
Started GET "/rails/info/routes" for ::1 at 2017-12-26 11:34:49 -0700
Started GET "/api/assignment_details" for 127.0.0.1 at 2017-12-26 11:34:49 -0700
Processing by Api::AssignmentDetailsController#show as HTML
Completed 500 Internal Server Error in 760ms


  
NoMethodError (undefined method `set_page' for #<Api::AssignmentDetailsController:0x007fefee49af30>
Did you mean?  set_pages):
  
activesupport (5.1.2) lib/active_support/callbacks.rb:413:in `block in make_lambda'
activesupport (5.1.2) lib/active_support/callbacks.rb:197:in `block (2 levels) in halting'
actionpack (5.1.2) lib/abstract_controller/callbacks.rb:12:in `block (2 levels) in <module:Callbacks>'
activesupport (5.1.2) lib/active_support/callbacks.rb:198:in `block in halting'
activesupport (5.1.2) lib/active_support/callbacks.rb:507:in `block in invoke_before'
activesupport (5.1.2) lib/active_support/callbacks.rb:507:in `each'
activesupport (5.1.2) lib/active_support/callbacks.rb:507:in `invoke_before'
activesupport (5.1.2) lib/active_support/callbacks.rb:130:in `run_callbacks'
actionpack (5.1.2) lib/abstract_controller/callbacks.rb:19:in `process_action'
actionpack (5.1.2) lib/action_controller/metal/rescue.rb:20:in `process_action'
actionpack (5.1.2) lib/action_controller/metal/instrumentation.rb:32:in `block in process_action'
activesupport (5.1.2) lib/active_support/notifications.rb:166:in `block in instrument'
activesupport (5.1.2) lib/active_support/notifications/instrumenter.rb:21:in `instrument'
activesupport (5.1.2) lib/active_support/notifications.rb:166:in `instrument'
actionpack (5.1.2) lib/action_controller/metal/instrumentation.rb:30:in `process_action'
actionpack (5.1.2) lib/action_controller/metal/params_wrapper.rb:252:in `process_action'
activerecord (5.1.2) lib/active_record/railties/controller_runtime.rb:22:in `process_action'
actionpack (5.1.2) lib/abstract_controller/base.rb:124:in `process'
actionpack (5.1.2) lib/action_controller/metal.rb:189:in `dispatch'
actionpack (5.1.2) lib/action_controller/metal.rb:253:in `dispatch'
actionpack (5.1.2) lib/action_dispatch/routing/route_set.rb:49:in `dispatch'
actionpack (5.1.2) lib/action_dispatch/routing/route_set.rb:31:in `serve'
actionpack (5.1.2) lib/action_dispatch/journey/router.rb:46:in `block in serve'
actionpack (5.1.2) lib/action_dispatch/journey/router.rb:33:in `each'
actionpack (5.1.2) lib/action_dispatch/journey/router.rb:33:in `serve'
actionpack (5.1.2) lib/action_dispatch/routing/route_set.rb:832:in `call'
rack (2.0.3) lib/rack/etag.rb:25:in `call'
rack (2.0.3) lib/rack/conditional_get.rb:25:in `call'
rack (2.0.3) lib/rack/head.rb:12:in `call'
activerecord (5.1.2) lib/active_record/migration.rb:556:in `call'
actionpack (5.1.2) lib/action_dispatch/middleware/callbacks.rb:26:in `block in call'
activesupport (5.1.2) lib/active_support/callbacks.rb:97:in `run_callbacks'
actionpack (5.1.2) lib/action_dispatch/middleware/callbacks.rb:24:in `call'
actionpack (5.1.2) lib/action_dispatch/middleware/executor.rb:12:in `call'
actionpack (5.1.2) lib/action_dispatch/middleware/debug_exceptions.rb:59:in `call'
actionpack (5.1.2) lib/action_dispatch/middleware/show_exceptions.rb:31:in `call'
railties (5.1.2) lib/rails/rack/logger.rb:36:in `call_app'
railties (5.1.2) lib/rails/rack/logger.rb:24:in `block in call'
activesupport (5.1.2) lib/active_support/tagged_logging.rb:69:in `block in tagged'
activesupport (5.1.2) lib/active_support/tagged_logging.rb:26:in `tagged'
activesupport (5.1.2) lib/active_support/tagged_logging.rb:69:in `tagged'
railties (5.1.2) lib/rails/rack/logger.rb:24:in `call'
actionpack (5.1.2) lib/action_dispatch/middleware/remote_ip.rb:79:in `call'
actionpack (5.1.2) lib/action_dispatch/middleware/request_id.rb:25:in `call'
rack (2.0.3) lib/rack/runtime.rb:22:in `call'
activesupport (5.1.2) lib/active_support/cache/strategy/local_cache_middleware.rb:27:in `call'
actionpack (5.1.2) lib/action_dispatch/middleware/executor.rb:12:in `call'
actionpack (5.1.2) lib/action_dispatch/middleware/static.rb:125:in `call'
rack (2.0.3) lib/rack/sendfile.rb:111:in `call'
railties (5.1.2) lib/rails/engine.rb:522:in `call'
puma (3.9.1) lib/puma/configuration.rb:224:in `call'
puma (3.9.1) lib/puma/server.rb:602:in `handle_request'
puma (3.9.1) lib/puma/server.rb:435:in `process_client'
puma (3.9.1) lib/puma/server.rb:299:in `block in run'
puma (3.9.1) lib/puma/thread_pool.rb:120:in `block in spawn_thread'
Processing by Rails::InfoController#routes as HTML
  Rendering /Users/danielactor/.rbenv/versions/2.3.1/lib/ruby/gems/2.3.0/gems/railties-5.1.2/lib/rails/templates/rails/info/routes.html.erb within layouts/application
  Rendered collection of /Users/danielactor/.rbenv/versions/2.3.1/lib/ruby/gems/2.3.0/gems/actionpack-5.1.2/lib/action_dispatch/middleware/templates/routes/_route.html.erb [13 times] (11.1ms)
  Rendered /Users/danielactor/.rbenv/versions/2.3.1/lib/ruby/gems/2.3.0/gems/actionpack-5.1.2/lib/action_dispatch/middleware/templates/routes/_table.html.erb (10.5ms)
  Rendered /Users/danielactor/.rbenv/versions/2.3.1/lib/ruby/gems/2.3.0/gems/railties-5.1.2/lib/rails/templates/rails/info/routes.html.erb within layouts/application (30.4ms)
Completed 200 OK in 53ms (Views: 43.4ms)


Started GET "/api/assignment_details" for 127.0.0.1 at 2017-12-28 13:13:02 -0700
Started GET "/rails/info/routes" for ::1 at 2017-12-28 13:13:02 -0700
Processing by Api::AssignmentDetailsController#show as HTML
Completed 500 Internal Server Error in 681ms


  
NoMethodError (undefined method `set_page' for #<Api::AssignmentDetailsController:0x007ff33a05a6d8>
Did you mean?  set_pages):
  
activesupport (5.1.2) lib/active_support/callbacks.rb:413:in `block in make_lambda'
activesupport (5.1.2) lib/active_support/callbacks.rb:197:in `block (2 levels) in halting'
actionpack (5.1.2) lib/abstract_controller/callbacks.rb:12:in `block (2 levels) in <module:Callbacks>'
activesupport (5.1.2) lib/active_support/callbacks.rb:198:in `block in halting'
activesupport (5.1.2) lib/active_support/callbacks.rb:507:in `block in invoke_before'
activesupport (5.1.2) lib/active_support/callbacks.rb:507:in `each'
activesupport (5.1.2) lib/active_support/callbacks.rb:507:in `invoke_before'
activesupport (5.1.2) lib/active_support/callbacks.rb:130:in `run_callbacks'
actionpack (5.1.2) lib/abstract_controller/callbacks.rb:19:in `process_action'
actionpack (5.1.2) lib/action_controller/metal/rescue.rb:20:in `process_action'
actionpack (5.1.2) lib/action_controller/metal/instrumentation.rb:32:in `block in process_action'
activesupport (5.1.2) lib/active_support/notifications.rb:166:in `block in instrument'
activesupport (5.1.2) lib/active_support/notifications/instrumenter.rb:21:in `instrument'
activesupport (5.1.2) lib/active_support/notifications.rb:166:in `instrument'
actionpack (5.1.2) lib/action_controller/metal/instrumentation.rb:30:in `process_action'
actionpack (5.1.2) lib/action_controller/metal/params_wrapper.rb:252:in `process_action'
activerecord (5.1.2) lib/active_record/railties/controller_runtime.rb:22:in `process_action'
actionpack (5.1.2) lib/abstract_controller/base.rb:124:in `process'
actionpack (5.1.2) lib/action_controller/metal.rb:189:in `dispatch'
actionpack (5.1.2) lib/action_controller/metal.rb:253:in `dispatch'
actionpack (5.1.2) lib/action_dispatch/routing/route_set.rb:49:in `dispatch'
actionpack (5.1.2) lib/action_dispatch/routing/route_set.rb:31:in `serve'
actionpack (5.1.2) lib/action_dispatch/journey/router.rb:46:in `block in serve'
actionpack (5.1.2) lib/action_dispatch/journey/router.rb:33:in `each'
actionpack (5.1.2) lib/action_dispatch/journey/router.rb:33:in `serve'
actionpack (5.1.2) lib/action_dispatch/routing/route_set.rb:832:in `call'
rack (2.0.3) lib/rack/etag.rb:25:in `call'
rack (2.0.3) lib/rack/conditional_get.rb:25:in `call'
rack (2.0.3) lib/rack/head.rb:12:in `call'
activerecord (5.1.2) lib/active_record/migration.rb:556:in `call'
actionpack (5.1.2) lib/action_dispatch/middleware/callbacks.rb:26:in `block in call'
activesupport (5.1.2) lib/active_support/callbacks.rb:97:in `run_callbacks'
actionpack (5.1.2) lib/action_dispatch/middleware/callbacks.rb:24:in `call'
actionpack (5.1.2) lib/action_dispatch/middleware/executor.rb:12:in `call'
actionpack (5.1.2) lib/action_dispatch/middleware/debug_exceptions.rb:59:in `call'
actionpack (5.1.2) lib/action_dispatch/middleware/show_exceptions.rb:31:in `call'
railties (5.1.2) lib/rails/rack/logger.rb:36:in `call_app'
railties (5.1.2) lib/rails/rack/logger.rb:24:in `block in call'
activesupport (5.1.2) lib/active_support/tagged_logging.rb:69:in `block in tagged'
activesupport (5.1.2) lib/active_support/tagged_logging.rb:26:in `tagged'
activesupport (5.1.2) lib/active_support/tagged_logging.rb:69:in `tagged'
railties (5.1.2) lib/rails/rack/logger.rb:24:in `call'
actionpack (5.1.2) lib/action_dispatch/middleware/remote_ip.rb:79:in `call'
actionpack (5.1.2) lib/action_dispatch/middleware/request_id.rb:25:in `call'
rack (2.0.3) lib/rack/runtime.rb:22:in `call'
activesupport (5.1.2) lib/active_support/cache/strategy/local_cache_middleware.rb:27:in `call'
actionpack (5.1.2) lib/action_dispatch/middleware/executor.rb:12:in `call'
actionpack (5.1.2) lib/action_dispatch/middleware/static.rb:125:in `call'
rack (2.0.3) lib/rack/sendfile.rb:111:in `call'
railties (5.1.2) lib/rails/engine.rb:522:in `call'
puma (3.9.1) lib/puma/configuration.rb:224:in `call'
puma (3.9.1) lib/puma/server.rb:602:in `handle_request'
puma (3.9.1) lib/puma/server.rb:435:in `process_client'
puma (3.9.1) lib/puma/server.rb:299:in `block in run'
puma (3.9.1) lib/puma/thread_pool.rb:120:in `block in spawn_thread'
Processing by Rails::InfoController#routes as HTML
  Rendering /Users/danielactor/.rbenv/versions/2.3.1/lib/ruby/gems/2.3.0/gems/railties-5.1.2/lib/rails/templates/rails/info/routes.html.erb within layouts/application
  Rendered collection of /Users/danielactor/.rbenv/versions/2.3.1/lib/ruby/gems/2.3.0/gems/actionpack-5.1.2/lib/action_dispatch/middleware/templates/routes/_route.html.erb [13 times] (24.1ms)
  Rendered /Users/danielactor/.rbenv/versions/2.3.1/lib/ruby/gems/2.3.0/gems/actionpack-5.1.2/lib/action_dispatch/middleware/templates/routes/_table.html.erb (10.5ms)
  Rendered /Users/danielactor/.rbenv/versions/2.3.1/lib/ruby/gems/2.3.0/gems/railties-5.1.2/lib/rails/templates/rails/info/routes.html.erb within layouts/application (45.0ms)
Completed 200 OK in 71ms (Views: 60.2ms)


Started GET "/rails/info/routes" for ::1 at 2017-12-28 13:13:20 -0700
Processing by Rails::InfoController#routes as HTML
Started GET "/api/assignment_details" for 127.0.0.1 at 2017-12-28 13:13:21 -0700
Processing by Api::AssignmentDetailsController#show as HTML
Completed 500 Internal Server Error in 233ms


  
NoMethodError (undefined method `set_page' for #<Api::AssignmentDetailsController:0x007ff338e598a8>
Did you mean?  set_pages):
  
activesupport (5.1.2) lib/active_support/callbacks.rb:413:in `block in make_lambda'
activesupport (5.1.2) lib/active_support/callbacks.rb:197:in `block (2 levels) in halting'
actionpack (5.1.2) lib/abstract_controller/callbacks.rb:12:in `block (2 levels) in <module:Callbacks>'
activesupport (5.1.2) lib/active_support/callbacks.rb:198:in `block in halting'
activesupport (5.1.2) lib/active_support/callbacks.rb:507:in `block in invoke_before'
activesupport (5.1.2) lib/active_support/callbacks.rb:507:in `each'
activesupport (5.1.2) lib/active_support/callbacks.rb:507:in `invoke_before'
activesupport (5.1.2) lib/active_support/callbacks.rb:130:in `run_callbacks'
actionpack (5.1.2) lib/abstract_controller/callbacks.rb:19:in `process_action'
actionpack (5.1.2) lib/action_controller/metal/rescue.rb:20:in `process_action'
actionpack (5.1.2) lib/action_controller/metal/instrumentation.rb:32:in `block in process_action'
activesupport (5.1.2) lib/active_support/notifications.rb:166:in `block in instrument'
activesupport (5.1.2) lib/active_support/notifications/instrumenter.rb:21:in `instrument'
activesupport (5.1.2) lib/active_support/notifications.rb:166:in `instrument'
actionpack (5.1.2) lib/action_controller/metal/instrumentation.rb:30:in `process_action'
actionpack (5.1.2) lib/action_controller/metal/params_wrapper.rb:252:in `process_action'
activerecord (5.1.2) lib/active_record/railties/controller_runtime.rb:22:in `process_action'
actionpack (5.1.2) lib/abstract_controller/base.rb:124:in `process'
actionpack (5.1.2) lib/action_controller/metal.rb:189:in `dispatch'
actionpack (5.1.2) lib/action_controller/metal.rb:253:in `dispatch'
actionpack (5.1.2) lib/action_dispatch/routing/route_set.rb:49:in `dispatch'
actionpack (5.1.2) lib/action_dispatch/routing/route_set.rb:31:in `serve'
actionpack (5.1.2) lib/action_dispatch/journey/router.rb:46:in `block in serve'
actionpack (5.1.2) lib/action_dispatch/journey/router.rb:33:in `each'
actionpack (5.1.2) lib/action_dispatch/journey/router.rb:33:in `serve'
actionpack (5.1.2) lib/action_dispatch/routing/route_set.rb:832:in `call'
rack (2.0.3) lib/rack/etag.rb:25:in `call'
rack (2.0.3) lib/rack/conditional_get.rb:25:in `call'
rack (2.0.3) lib/rack/head.rb:12:in `call'
activerecord (5.1.2) lib/active_record/migration.rb:556:in `call'
actionpack (5.1.2) lib/action_dispatch/middleware/callbacks.rb:26:in `block in call'
activesupport (5.1.2) lib/active_support/callbacks.rb:97:in `run_callbacks'
actionpack (5.1.2) lib/action_dispatch/middleware/callbacks.rb:24:in `call'
actionpack (5.1.2) lib/action_dispatch/middleware/executor.rb:12:in `call'
actionpack (5.1.2) lib/action_dispatch/middleware/debug_exceptions.rb:59:in `call'
actionpack (5.1.2) lib/action_dispatch/middleware/show_exceptions.rb:31:in `call'
railties (5.1.2) lib/rails/rack/logger.rb:36:in `call_app'
railties (5.1.2) lib/rails/rack/logger.rb:24:in `block in call'
activesupport (5.1.2) lib/active_support/tagged_logging.rb:69:in `block in tagged'
activesupport (5.1.2) lib/active_support/tagged_logging.rb:26:in `tagged'
activesupport (5.1.2) lib/active_support/tagged_logging.rb:69:in `tagged'
railties (5.1.2) lib/rails/rack/logger.rb:24:in `call'
actionpack (5.1.2) lib/action_dispatch/middleware/remote_ip.rb:79:in `call'
actionpack (5.1.2) lib/action_dispatch/middleware/request_id.rb:25:in `call'
rack (2.0.3) lib/rack/runtime.rb:22:in `call'
activesupport (5.1.2) lib/active_support/cache/strategy/local_cache_middleware.rb:27:in `call'
actionpack (5.1.2) lib/action_dispatch/middleware/executor.rb:12:in `call'
actionpack (5.1.2) lib/action_dispatch/middleware/static.rb:125:in `call'
rack (2.0.3) lib/rack/sendfile.rb:111:in `call'
railties (5.1.2) lib/rails/engine.rb:522:in `call'
puma (3.9.1) lib/puma/configuration.rb:224:in `call'
puma (3.9.1) lib/puma/server.rb:602:in `handle_request'
puma (3.9.1) lib/puma/server.rb:435:in `process_client'
puma (3.9.1) lib/puma/server.rb:299:in `block in run'
puma (3.9.1) lib/puma/thread_pool.rb:120:in `block in spawn_thread'
  Rendering /Users/danielactor/.rbenv/versions/2.3.1/lib/ruby/gems/2.3.0/gems/railties-5.1.2/lib/rails/templates/rails/info/routes.html.erb within layouts/application
  Rendered collection of /Users/danielactor/.rbenv/versions/2.3.1/lib/ruby/gems/2.3.0/gems/actionpack-5.1.2/lib/action_dispatch/middleware/templates/routes/_route.html.erb [13 times] (10.7ms)
  Rendered /Users/danielactor/.rbenv/versions/2.3.1/lib/ruby/gems/2.3.0/gems/actionpack-5.1.2/lib/action_dispatch/middleware/templates/routes/_table.html.erb (3.5ms)
  Rendered /Users/danielactor/.rbenv/versions/2.3.1/lib/ruby/gems/2.3.0/gems/railties-5.1.2/lib/rails/templates/rails/info/routes.html.erb within layouts/application (32.1ms)
Completed 200 OK in 588ms (Views: 460.1ms)


Started GET "/rails/info/routes" for ::1 at 2017-12-28 13:13:58 -0700
Processing by Rails::InfoController#routes as HTML
Started GET "/api/assignment_details" for 127.0.0.1 at 2017-12-28 13:13:58 -0700
Processing by Api::AssignmentDetailsController#show as HTML
  Rendering /Users/danielactor/.rbenv/versions/2.3.1/lib/ruby/gems/2.3.0/gems/railties-5.1.2/lib/rails/templates/rails/info/routes.html.erb within layouts/application
  Rendered collection of /Users/danielactor/.rbenv/versions/2.3.1/lib/ruby/gems/2.3.0/gems/actionpack-5.1.2/lib/action_dispatch/middleware/templates/routes/_route.html.erb [13 times] (18.4ms)
Completed 500 Internal Server Error in 202ms


  Rendered /Users/danielactor/.rbenv/versions/2.3.1/lib/ruby/gems/2.3.0/gems/actionpack-5.1.2/lib/action_dispatch/middleware/templates/routes/_table.html.erb (7.1ms)
  
  Rendered /Users/danielactor/.rbenv/versions/2.3.1/lib/ruby/gems/2.3.0/gems/railties-5.1.2/lib/rails/templates/rails/info/routes.html.erb within layouts/application (179.9ms)
Completed 200 OK in 290ms (Views: 281.5ms)


NoMethodError (undefined method `set_page' for #<Api::AssignmentDetailsController:0x007ff33569b858>
Did you mean?  set_pages):
  
activesupport (5.1.2) lib/active_support/callbacks.rb:413:in `block in make_lambda'
activesupport (5.1.2) lib/active_support/callbacks.rb:197:in `block (2 levels) in halting'
actionpack (5.1.2) lib/abstract_controller/callbacks.rb:12:in `block (2 levels) in <module:Callbacks>'
activesupport (5.1.2) lib/active_support/callbacks.rb:198:in `block in halting'
activesupport (5.1.2) lib/active_support/callbacks.rb:507:in `block in invoke_before'
activesupport (5.1.2) lib/active_support/callbacks.rb:507:in `each'
activesupport (5.1.2) lib/active_support/callbacks.rb:507:in `invoke_before'
activesupport (5.1.2) lib/active_support/callbacks.rb:130:in `run_callbacks'
actionpack (5.1.2) lib/abstract_controller/callbacks.rb:19:in `process_action'
actionpack (5.1.2) lib/action_controller/metal/rescue.rb:20:in `process_action'
actionpack (5.1.2) lib/action_controller/metal/instrumentation.rb:32:in `block in process_action'
activesupport (5.1.2) lib/active_support/notifications.rb:166:in `block in instrument'
activesupport (5.1.2) lib/active_support/notifications/instrumenter.rb:21:in `instrument'
activesupport (5.1.2) lib/active_support/notifications.rb:166:in `instrument'
actionpack (5.1.2) lib/action_controller/metal/instrumentation.rb:30:in `process_action'
actionpack (5.1.2) lib/action_controller/metal/params_wrapper.rb:252:in `process_action'
activerecord (5.1.2) lib/active_record/railties/controller_runtime.rb:22:in `process_action'
actionpack (5.1.2) lib/abstract_controller/base.rb:124:in `process'
actionpack (5.1.2) lib/action_controller/metal.rb:189:in `dispatch'
actionpack (5.1.2) lib/action_controller/metal.rb:253:in `dispatch'
actionpack (5.1.2) lib/action_dispatch/routing/route_set.rb:49:in `dispatch'
actionpack (5.1.2) lib/action_dispatch/routing/route_set.rb:31:in `serve'
actionpack (5.1.2) lib/action_dispatch/journey/router.rb:46:in `block in serve'
actionpack (5.1.2) lib/action_dispatch/journey/router.rb:33:in `each'
actionpack (5.1.2) lib/action_dispatch/journey/router.rb:33:in `serve'
actionpack (5.1.2) lib/action_dispatch/routing/route_set.rb:832:in `call'
rack (2.0.3) lib/rack/etag.rb:25:in `call'
rack (2.0.3) lib/rack/conditional_get.rb:25:in `call'
rack (2.0.3) lib/rack/head.rb:12:in `call'
activerecord (5.1.2) lib/active_record/migration.rb:556:in `call'
actionpack (5.1.2) lib/action_dispatch/middleware/callbacks.rb:26:in `block in call'
activesupport (5.1.2) lib/active_support/callbacks.rb:97:in `run_callbacks'
actionpack (5.1.2) lib/action_dispatch/middleware/callbacks.rb:24:in `call'
actionpack (5.1.2) lib/action_dispatch/middleware/executor.rb:12:in `call'
actionpack (5.1.2) lib/action_dispatch/middleware/debug_exceptions.rb:59:in `call'
actionpack (5.1.2) lib/action_dispatch/middleware/show_exceptions.rb:31:in `call'
railties (5.1.2) lib/rails/rack/logger.rb:36:in `call_app'
railties (5.1.2) lib/rails/rack/logger.rb:24:in `block in call'
activesupport (5.1.2) lib/active_support/tagged_logging.rb:69:in `block in tagged'
activesupport (5.1.2) lib/active_support/tagged_logging.rb:26:in `tagged'
activesupport (5.1.2) lib/active_support/tagged_logging.rb:69:in `tagged'
railties (5.1.2) lib/rails/rack/logger.rb:24:in `call'
actionpack (5.1.2) lib/action_dispatch/middleware/remote_ip.rb:79:in `call'
actionpack (5.1.2) lib/action_dispatch/middleware/request_id.rb:25:in `call'
rack (2.0.3) lib/rack/runtime.rb:22:in `call'
activesupport (5.1.2) lib/active_support/cache/strategy/local_cache_middleware.rb:27:in `call'
actionpack (5.1.2) lib/action_dispatch/middleware/executor.rb:12:in `call'
actionpack (5.1.2) lib/action_dispatch/middleware/static.rb:125:in `call'
rack (2.0.3) lib/rack/sendfile.rb:111:in `call'
railties (5.1.2) lib/rails/engine.rb:522:in `call'
puma (3.9.1) lib/puma/configuration.rb:224:in `call'
puma (3.9.1) lib/puma/server.rb:602:in `handle_request'
puma (3.9.1) lib/puma/server.rb:435:in `process_client'
puma (3.9.1) lib/puma/server.rb:299:in `block in run'
puma (3.9.1) lib/puma/thread_pool.rb:120:in `block in spawn_thread'
